0 info it worked if it ends with ok
1 verbose cli [ '/Users/devjonah/.nvm/versions/node/v6.11.1/bin/node',
1 verbose cli   '/Users/devjonah/.nvm/versions/node/v6.11.1/bin/npm',
1 verbose cli   'run',
1 verbose cli   'test' ]
2 info using npm@3.10.10
3 info using node@v6.11.1
4 verbose run-script [ 'pretest', 'test', 'posttest' ]
5 info lifecycle vanilla-rest-api@1.0.0~pretest: vanilla-rest-api@1.0.0
6 silly lifecycle vanilla-rest-api@1.0.0~pretest: no script for pretest, continuing
7 info lifecycle vanilla-rest-api@1.0.0~test: vanilla-rest-api@1.0.0
8 verbose lifecycle vanilla-rest-api@1.0.0~test: unsafe-perm in lifecycle true
9 verbose lifecycle vanilla-rest-api@1.0.0~test: PATH: /Users/devjonah/.nvm/versions/node/v6.11.1/lib/node_modules/npm/bin/node-gyp-bin:/Users/devjonah/codefellows/401/notes/2-week/03-demos/vanilla-rest-api/node_modules/.bin:/Users/devjonah/.nvm/versions/node/v6.11.1/bin:/usr/local/bin:/usr/bin:/bin:/usr/sbin:/sbin:/usr/local/git/bin
10 verbose lifecycle vanilla-rest-api@1.0.0~test: CWD: /Users/devjonah/codefellows/401/notes/2-week/03-demos/vanilla-rest-api
11 silly lifecycle vanilla-rest-api@1.0.0~test: Args: [ '-c', 'mocha' ]
12 silly lifecycle vanilla-rest-api@1.0.0~test: Returned: code: 3  signal: null
13 info lifecycle vanilla-rest-api@1.0.0~test: Failed to exec test script
14 verbose stack Error: vanilla-rest-api@1.0.0 test: `mocha`
14 verbose stack Exit status 3
14 verbose stack     at EventEmitter.<anonymous> (/Users/devjonah/.nvm/versions/node/v6.11.1/lib/node_modules/npm/lib/utils/lifecycle.js:255:16)
14 verbose stack     at emitTwo (events.js:106:13)
14 verbose stack     at EventEmitter.emit (events.js:191:7)
14 verbose stack     at ChildProcess.<anonymous> (/Users/devjonah/.nvm/versions/node/v6.11.1/lib/node_modules/npm/lib/utils/spawn.js:40:14)
14 verbose stack     at emitTwo (events.js:106:13)
14 verbose stack     at ChildProcess.emit (events.js:191:7)
14 verbose stack     at maybeClose (internal/child_process.js:891:16)
14 verbose stack     at Process.ChildProcess._handle.onexit (internal/child_process.js:226:5)
15 verbose pkgid vanilla-rest-api@1.0.0
16 verbose cwd /Users/devjonah/codefellows/401/notes/2-week/03-demos/vanilla-rest-api
17 error Darwin 16.6.0
18 error argv "/Users/devjonah/.nvm/versions/node/v6.11.1/bin/node" "/Users/devjonah/.nvm/versions/node/v6.11.1/bin/npm" "run" "test"
19 error node v6.11.1
20 error npm  v3.10.10
21 error code ELIFECYCLE
22 error vanilla-rest-api@1.0.0 test: `mocha`
22 error Exit status 3
23 error Failed at the vanilla-rest-api@1.0.0 test script 'mocha'.
23 error Make sure you have the latest version of node.js and npm installed.
23 error If you do, this is most likely a problem with the vanilla-rest-api package,
23 error not with npm itself.
23 error Tell the author that this fails on your system:
23 error     mocha
23 error You can get information on how to open an issue for this project with:
23 error     npm bugs vanilla-rest-api
23 error Or if that isn't available, you can get their info via:
23 error     npm owner ls vanilla-rest-api
23 error There is likely additional logging output above.
24 verbose exit [ 1, true ]
